{"name": "test_increase_ingredient_counter_by_add_ingredient_to_order[firefox]", "status": "failed", "statusDetails": {"message": "AssertionError: assert '0' == '2'\n  \n  - 2\n  + 0", "trace": "self = <tests.test_base_functionality.TestBaseFunctionality object at 0x102b19790>\nbrowser = <selenium.webdriver.firefox.webdriver.WebDriver (session=\"50d5b7ce-3317-4cb6-b727-2d7bc3b45cea\")>\n\n    def test_increase_ingredient_counter_by_add_ingredient_to_order(self, browser):\n        main_page = MainPage(browser)\n        main_page.go_to_site(BasePageLocators.MAIN_PAGE_URL)\n        main_page.drag_r2_d3_bun_to_constructor()\n>       assert main_page.check_ingredient_counter() == \"2\"\nE       AssertionError: assert '0' == '2'\nE         \nE         - 2\nE         + 0\n\ntests/test_base_functionality.py:41: AssertionError"}, "parameters": [{"name": "browser", "value": "'firefox'"}], "start": 1723547601068, "stop": 1723547604702, "uuid": "00ec0620-d080-40b5-86ae-6d6fd6c86156", "historyId": "61b19bd92f1f718926a05acd3931a986", "testCaseId": "c180b9ef89542c41659e7ce7fa896b30", "fullName": "tests.test_base_functionality.TestBaseFunctionality#test_increase_ingredient_counter_by_add_ingredient_to_order", "labels": [{"name": "parentSuite", "value": "tests"}, {"name": "suite", "value": "test_base_functionality"}, {"name": "subSuite", "value": "TestBaseFunctionality"}, {"name": "host", "value": "MacBook-Pro-Ila.local"}, {"name": "thread", "value": "61939-MainThread"}, {"name": "framework", "value": "pytest"}, {"name": "language", "value": "cpython3"}, {"name": "package", "value": "tests.test_base_functionality"}]}